<?xml version="1.0" encoding="UTF-8"?>
<!-- Generated by org.testng.reporters.JUnitXMLReporter -->
<testsuite ignored="0" hostname="M4800" failures="11" tests="15" name="Surefire test" time="1.849" errors="0" timestamp="2021-04-15T08:20:31 ICT">
  <testcase classname="com.polypro.duan1quanlynongsan.Dao.KhachHangDaoTest" name="testSelectAll on testSelectAll(com.polypro.duan1quanlynongsan.Dao.KhachHangDaoTest)" time="1.299">
    <failure type="java.lang.NullPointerException">
      <![CDATA[java.lang.NullPointerException
at com.polypro.duan1quanlynongsan.Dao.KhachHangDao.selectAll(KhachHangDao.java:68)
at com.polypro.duan1quanlynongsan.Dao.KhachHangDaoTest.testSelectAll(KhachHangDaoTest.java:128)
at org.junit.internal.runners.TestMethod.invoke(TestMethod.java:68)
at org.powermock.modules.junit4.internal.impl.PowerMockJUnit44RunnerDelegateImpl$PowerMockJUnit44MethodRunner.runTestMethod(PowerMockJUnit44RunnerDelegateImpl.java:326)
at org.junit.internal.runners.MethodRoadie$2.run(MethodRoadie.java:88)
at org.junit.internal.runners.MethodRoadie.runBeforesThenTestThenAfters(MethodRoadie.java:96)
at org.powermock.modules.junit4.internal.impl.PowerMockJUnit44RunnerDelegateImpl$PowerMockJUnit44MethodRunner.executeTest(PowerMockJUnit44RunnerDelegateImpl.java:310)
at org.powermock.modules.junit4.internal.impl.PowerMockJUnit47RunnerDelegateImpl$PowerMockJUnit47MethodRunner.executeTestInSuper(PowerMockJUnit47RunnerDelegateImpl.java:131)
at org.powermock.modules.junit4.internal.impl.PowerMockJUnit47RunnerDelegateImpl$PowerMockJUnit47MethodRunner.access$100(PowerMockJUnit47RunnerDelegateImpl.java:59)
at org.powermock.modules.junit4.internal.impl.PowerMockJUnit47RunnerDelegateImpl$PowerMockJUnit47MethodRunner$TestExecutorStatement.evaluate(PowerMockJUnit47RunnerDelegateImpl.java:147)
at org.powermock.modules.junit4.internal.impl.PowerMockJUnit47RunnerDelegateImpl$PowerMockJUnit47MethodRunner.evaluateStatement(PowerMockJUnit47RunnerDelegateImpl.java:107)
at org.powermock.modules.junit4.internal.impl.PowerMockJUnit47RunnerDelegateImpl$PowerMockJUnit47MethodRunner.executeTest(PowerMockJUnit47RunnerDelegateImpl.java:82)
at org.powermock.modules.junit4.internal.impl.PowerMockJUnit44RunnerDelegateImpl$PowerMockJUnit44MethodRunner.runBeforesThenTestThenAfters(PowerMockJUnit44RunnerDelegateImpl.java:298)
at org.junit.internal.runners.MethodRoadie.runTest(MethodRoadie.java:86)
at org.junit.internal.runners.MethodRoadie.run(MethodRoadie.java:49)
at org.powermock.modules.junit4.internal.impl.PowerMockJUnit44RunnerDelegateImpl.invokeTestMethod(PowerMockJUnit44RunnerDelegateImpl.java:218)
at org.powermock.modules.junit4.internal.impl.PowerMockJUnit44RunnerDelegateImpl.runMethods(PowerMockJUnit44RunnerDelegateImpl.java:160)
at org.powermock.modules.junit4.internal.impl.PowerMockJUnit44RunnerDelegateImpl$1.run(PowerMockJUnit44RunnerDelegateImpl.java:134)
at org.junit.internal.runners.ClassRoadie.runUnprotected(ClassRoadie.java:33)
at org.junit.internal.runners.ClassRoadie.runProtected(ClassRoadie.java:45)
at org.powermock.modules.junit4.internal.impl.PowerMockJUnit44RunnerDelegateImpl.run(PowerMockJUnit44RunnerDelegateImpl.java:136)
at org.powermock.modules.junit4.common.internal.impl.JUnit4TestSuiteChunkerImpl.run(JUnit4TestSuiteChunkerImpl.java:117)
at org.powermock.modules.junit4.common.internal.impl.AbstractCommonPowerMockRunner.run(AbstractCommonPowerMockRunner.java:57)
at org.powermock.modules.junit4.PowerMockRunner.run(PowerMockRunner.java:59)
at org.junit.runner.JUnitCore.run(JUnitCore.java:160)
at org.junit.runner.JUnitCore.run(JUnitCore.java:138)
at java.base/java.util.ArrayList.forEach(ArrayList.java:1511)
... Removed 28 stack frames]]>
    </failure>
  </testcase> <!-- testSelectAll on testSelectAll(com.polypro.duan1quanlynongsan.Dao.KhachHangDaoTest) -->
  <testcase classname="com.polypro.duan1quanlynongsan.Dao.KhachHangDaoTest" name="testSelectByName on testSelectByName(com.polypro.duan1quanlynongsan.Dao.KhachHangDaoTest)" time="1.304">
    <failure type="java.lang.NullPointerException">
      <![CDATA[java.lang.NullPointerException
at com.polypro.duan1quanlynongsan.Dao.KhachHangDao.selectByName(KhachHangDao.java:114)
at com.polypro.duan1quanlynongsan.Dao.KhachHangDaoTest.testSelectByName(KhachHangDaoTest.java:150)
at org.junit.internal.runners.TestMethod.invoke(TestMethod.java:68)
at org.powermock.modules.junit4.internal.impl.PowerMockJUnit44RunnerDelegateImpl$PowerMockJUnit44MethodRunner.runTestMethod(PowerMockJUnit44RunnerDelegateImpl.java:326)
at org.junit.internal.runners.MethodRoadie$2.run(MethodRoadie.java:88)
at org.junit.internal.runners.MethodRoadie.runBeforesThenTestThenAfters(MethodRoadie.java:96)
at org.powermock.modules.junit4.internal.impl.PowerMockJUnit44RunnerDelegateImpl$PowerMockJUnit44MethodRunner.executeTest(PowerMockJUnit44RunnerDelegateImpl.java:310)
at org.powermock.modules.junit4.internal.impl.PowerMockJUnit47RunnerDelegateImpl$PowerMockJUnit47MethodRunner.executeTestInSuper(PowerMockJUnit47RunnerDelegateImpl.java:131)
at org.powermock.modules.junit4.internal.impl.PowerMockJUnit47RunnerDelegateImpl$PowerMockJUnit47MethodRunner.access$100(PowerMockJUnit47RunnerDelegateImpl.java:59)
at org.powermock.modules.junit4.internal.impl.PowerMockJUnit47RunnerDelegateImpl$PowerMockJUnit47MethodRunner$TestExecutorStatement.evaluate(PowerMockJUnit47RunnerDelegateImpl.java:147)
at org.powermock.modules.junit4.internal.impl.PowerMockJUnit47RunnerDelegateImpl$PowerMockJUnit47MethodRunner.evaluateStatement(PowerMockJUnit47RunnerDelegateImpl.java:107)
at org.powermock.modules.junit4.internal.impl.PowerMockJUnit47RunnerDelegateImpl$PowerMockJUnit47MethodRunner.executeTest(PowerMockJUnit47RunnerDelegateImpl.java:82)
at org.powermock.modules.junit4.internal.impl.PowerMockJUnit44RunnerDelegateImpl$PowerMockJUnit44MethodRunner.runBeforesThenTestThenAfters(PowerMockJUnit44RunnerDelegateImpl.java:298)
at org.junit.internal.runners.MethodRoadie.runTest(MethodRoadie.java:86)
at org.junit.internal.runners.MethodRoadie.run(MethodRoadie.java:49)
at org.powermock.modules.junit4.internal.impl.PowerMockJUnit44RunnerDelegateImpl.invokeTestMethod(PowerMockJUnit44RunnerDelegateImpl.java:218)
at org.powermock.modules.junit4.internal.impl.PowerMockJUnit44RunnerDelegateImpl.runMethods(PowerMockJUnit44RunnerDelegateImpl.java:160)
at org.powermock.modules.junit4.internal.impl.PowerMockJUnit44RunnerDelegateImpl$1.run(PowerMockJUnit44RunnerDelegateImpl.java:134)
at org.junit.internal.runners.ClassRoadie.runUnprotected(ClassRoadie.java:33)
at org.junit.internal.runners.ClassRoadie.runProtected(ClassRoadie.java:45)
at org.powermock.modules.junit4.internal.impl.PowerMockJUnit44RunnerDelegateImpl.run(PowerMockJUnit44RunnerDelegateImpl.java:136)
at org.powermock.modules.junit4.common.internal.impl.JUnit4TestSuiteChunkerImpl.run(JUnit4TestSuiteChunkerImpl.java:117)
at org.powermock.modules.junit4.common.internal.impl.AbstractCommonPowerMockRunner.run(AbstractCommonPowerMockRunner.java:57)
at org.powermock.modules.junit4.PowerMockRunner.run(PowerMockRunner.java:59)
at org.junit.runner.JUnitCore.run(JUnitCore.java:160)
at org.junit.runner.JUnitCore.run(JUnitCore.java:138)
at java.base/java.util.ArrayList.forEach(ArrayList.java:1511)
... Removed 28 stack frames]]>
    </failure>
  </testcase> <!-- testSelectByName on testSelectByName(com.polypro.duan1quanlynongsan.Dao.KhachHangDaoTest) -->
  <testcase classname="com.polypro.duan1quanlynongsan.Dao.KhachHangDaoTest" name="testSelectBySql on testSelectBySql(com.polypro.duan1quanlynongsan.Dao.KhachHangDaoTest)" time="1.308">
    <failure type="java.lang.NullPointerException">
      <![CDATA[java.lang.NullPointerException
at com.polypro.duan1quanlynongsan.Dao.KhachHangDao.selectBySql(KhachHangDao.java:153)
at com.polypro.duan1quanlynongsan.Dao.KhachHangDaoTest.testSelectBySql(KhachHangDaoTest.java:162)
at org.junit.internal.runners.TestMethod.invoke(TestMethod.java:68)
at org.powermock.modules.junit4.internal.impl.PowerMockJUnit44RunnerDelegateImpl$PowerMockJUnit44MethodRunner.runTestMethod(PowerMockJUnit44RunnerDelegateImpl.java:326)
at org.junit.internal.runners.MethodRoadie$2.run(MethodRoadie.java:88)
at org.junit.internal.runners.MethodRoadie.runBeforesThenTestThenAfters(MethodRoadie.java:96)
at org.powermock.modules.junit4.internal.impl.PowerMockJUnit44RunnerDelegateImpl$PowerMockJUnit44MethodRunner.executeTest(PowerMockJUnit44RunnerDelegateImpl.java:310)
at org.powermock.modules.junit4.internal.impl.PowerMockJUnit47RunnerDelegateImpl$PowerMockJUnit47MethodRunner.executeTestInSuper(PowerMockJUnit47RunnerDelegateImpl.java:131)
at org.powermock.modules.junit4.internal.impl.PowerMockJUnit47RunnerDelegateImpl$PowerMockJUnit47MethodRunner.access$100(PowerMockJUnit47RunnerDelegateImpl.java:59)
at org.powermock.modules.junit4.internal.impl.PowerMockJUnit47RunnerDelegateImpl$PowerMockJUnit47MethodRunner$TestExecutorStatement.evaluate(PowerMockJUnit47RunnerDelegateImpl.java:147)
at org.powermock.modules.junit4.internal.impl.PowerMockJUnit47RunnerDelegateImpl$PowerMockJUnit47MethodRunner.evaluateStatement(PowerMockJUnit47RunnerDelegateImpl.java:107)
at org.powermock.modules.junit4.internal.impl.PowerMockJUnit47RunnerDelegateImpl$PowerMockJUnit47MethodRunner.executeTest(PowerMockJUnit47RunnerDelegateImpl.java:82)
at org.powermock.modules.junit4.internal.impl.PowerMockJUnit44RunnerDelegateImpl$PowerMockJUnit44MethodRunner.runBeforesThenTestThenAfters(PowerMockJUnit44RunnerDelegateImpl.java:298)
at org.junit.internal.runners.MethodRoadie.runTest(MethodRoadie.java:86)
at org.junit.internal.runners.MethodRoadie.run(MethodRoadie.java:49)
at org.powermock.modules.junit4.internal.impl.PowerMockJUnit44RunnerDelegateImpl.invokeTestMethod(PowerMockJUnit44RunnerDelegateImpl.java:218)
at org.powermock.modules.junit4.internal.impl.PowerMockJUnit44RunnerDelegateImpl.runMethods(PowerMockJUnit44RunnerDelegateImpl.java:160)
at org.powermock.modules.junit4.internal.impl.PowerMockJUnit44RunnerDelegateImpl$1.run(PowerMockJUnit44RunnerDelegateImpl.java:134)
at org.junit.internal.runners.ClassRoadie.runUnprotected(ClassRoadie.java:33)
at org.junit.internal.runners.ClassRoadie.runProtected(ClassRoadie.java:45)
at org.powermock.modules.junit4.internal.impl.PowerMockJUnit44RunnerDelegateImpl.run(PowerMockJUnit44RunnerDelegateImpl.java:136)
at org.powermock.modules.junit4.common.internal.impl.JUnit4TestSuiteChunkerImpl.run(JUnit4TestSuiteChunkerImpl.java:117)
at org.powermock.modules.junit4.common.internal.impl.AbstractCommonPowerMockRunner.run(AbstractCommonPowerMockRunner.java:57)
at org.powermock.modules.junit4.PowerMockRunner.run(PowerMockRunner.java:59)
at org.junit.runner.JUnitCore.run(JUnitCore.java:160)
at org.junit.runner.JUnitCore.run(JUnitCore.java:138)
at java.base/java.util.ArrayList.forEach(ArrayList.java:1511)
... Removed 28 stack frames]]>
    </failure>
  </testcase> <!-- testSelectBySql on testSelectBySql(com.polypro.duan1quanlynongsan.Dao.KhachHangDaoTest) -->
  <testcase classname="com.polypro.duan1quanlynongsan.Dao.KhachHangDaoTest" name="testSelectById on testSelectById(com.polypro.duan1quanlynongsan.Dao.KhachHangDaoTest)" time="1.309">
    <failure type="java.lang.NullPointerException">
      <![CDATA[java.lang.NullPointerException
at com.polypro.duan1quanlynongsan.Dao.KhachHangDao.selectById(KhachHangDao.java:92)
at com.polypro.duan1quanlynongsan.Dao.KhachHangDaoTest.testSelectById(KhachHangDaoTest.java:139)
at org.junit.internal.runners.TestMethod.invoke(TestMethod.java:68)
at org.powermock.modules.junit4.internal.impl.PowerMockJUnit44RunnerDelegateImpl$PowerMockJUnit44MethodRunner.runTestMethod(PowerMockJUnit44RunnerDelegateImpl.java:326)
at org.junit.internal.runners.MethodRoadie$2.run(MethodRoadie.java:88)
at org.junit.internal.runners.MethodRoadie.runBeforesThenTestThenAfters(MethodRoadie.java:96)
at org.powermock.modules.junit4.internal.impl.PowerMockJUnit44RunnerDelegateImpl$PowerMockJUnit44MethodRunner.executeTest(PowerMockJUnit44RunnerDelegateImpl.java:310)
at org.powermock.modules.junit4.internal.impl.PowerMockJUnit47RunnerDelegateImpl$PowerMockJUnit47MethodRunner.executeTestInSuper(PowerMockJUnit47RunnerDelegateImpl.java:131)
at org.powermock.modules.junit4.internal.impl.PowerMockJUnit47RunnerDelegateImpl$PowerMockJUnit47MethodRunner.access$100(PowerMockJUnit47RunnerDelegateImpl.java:59)
at org.powermock.modules.junit4.internal.impl.PowerMockJUnit47RunnerDelegateImpl$PowerMockJUnit47MethodRunner$TestExecutorStatement.evaluate(PowerMockJUnit47RunnerDelegateImpl.java:147)
at org.powermock.modules.junit4.internal.impl.PowerMockJUnit47RunnerDelegateImpl$PowerMockJUnit47MethodRunner.evaluateStatement(PowerMockJUnit47RunnerDelegateImpl.java:107)
at org.powermock.modules.junit4.internal.impl.PowerMockJUnit47RunnerDelegateImpl$PowerMockJUnit47MethodRunner.executeTest(PowerMockJUnit47RunnerDelegateImpl.java:82)
at org.powermock.modules.junit4.internal.impl.PowerMockJUnit44RunnerDelegateImpl$PowerMockJUnit44MethodRunner.runBeforesThenTestThenAfters(PowerMockJUnit44RunnerDelegateImpl.java:298)
at org.junit.internal.runners.MethodRoadie.runTest(MethodRoadie.java:86)
at org.junit.internal.runners.MethodRoadie.run(MethodRoadie.java:49)
at org.powermock.modules.junit4.internal.impl.PowerMockJUnit44RunnerDelegateImpl.invokeTestMethod(PowerMockJUnit44RunnerDelegateImpl.java:218)
at org.powermock.modules.junit4.internal.impl.PowerMockJUnit44RunnerDelegateImpl.runMethods(PowerMockJUnit44RunnerDelegateImpl.java:160)
at org.powermock.modules.junit4.internal.impl.PowerMockJUnit44RunnerDelegateImpl$1.run(PowerMockJUnit44RunnerDelegateImpl.java:134)
at org.junit.internal.runners.ClassRoadie.runUnprotected(ClassRoadie.java:33)
at org.junit.internal.runners.ClassRoadie.runProtected(ClassRoadie.java:45)
at org.powermock.modules.junit4.internal.impl.PowerMockJUnit44RunnerDelegateImpl.run(PowerMockJUnit44RunnerDelegateImpl.java:136)
at org.powermock.modules.junit4.common.internal.impl.JUnit4TestSuiteChunkerImpl.run(JUnit4TestSuiteChunkerImpl.java:117)
at org.powermock.modules.junit4.common.internal.impl.AbstractCommonPowerMockRunner.run(AbstractCommonPowerMockRunner.java:57)
at org.powermock.modules.junit4.PowerMockRunner.run(PowerMockRunner.java:59)
at org.junit.runner.JUnitCore.run(JUnitCore.java:160)
at org.junit.runner.JUnitCore.run(JUnitCore.java:138)
at java.base/java.util.ArrayList.forEach(ArrayList.java:1511)
... Removed 28 stack frames]]>
    </failure>
  </testcase> <!-- testSelectById on testSelectById(com.polypro.duan1quanlynongsan.Dao.KhachHangDaoTest) -->
  <testcase classname="com.polypro.duan1quanlynongsan.Dao.KhachHangDaoTest" name="testLoadTable on testLoadTable(com.polypro.duan1quanlynongsan.Dao.KhachHangDaoTest)" time="1.313">
    <failure type="java.lang.NullPointerException">
      <![CDATA[java.lang.NullPointerException
at com.polypro.duan1quanlynongsan.Dao.KhachHangDao.loadTable(KhachHangDao.java:185)
at com.polypro.duan1quanlynongsan.Dao.KhachHangDaoTest.testLoadTable(KhachHangDaoTest.java:184)
at org.junit.internal.runners.TestMethod.invoke(TestMethod.java:68)
at org.powermock.modules.junit4.internal.impl.PowerMockJUnit44RunnerDelegateImpl$PowerMockJUnit44MethodRunner.runTestMethod(PowerMockJUnit44RunnerDelegateImpl.java:326)
at org.junit.internal.runners.MethodRoadie$2.run(MethodRoadie.java:88)
at org.junit.internal.runners.MethodRoadie.runBeforesThenTestThenAfters(MethodRoadie.java:96)
at org.powermock.modules.junit4.internal.impl.PowerMockJUnit44RunnerDelegateImpl$PowerMockJUnit44MethodRunner.executeTest(PowerMockJUnit44RunnerDelegateImpl.java:310)
at org.powermock.modules.junit4.internal.impl.PowerMockJUnit47RunnerDelegateImpl$PowerMockJUnit47MethodRunner.executeTestInSuper(PowerMockJUnit47RunnerDelegateImpl.java:131)
at org.powermock.modules.junit4.internal.impl.PowerMockJUnit47RunnerDelegateImpl$PowerMockJUnit47MethodRunner.access$100(PowerMockJUnit47RunnerDelegateImpl.java:59)
at org.powermock.modules.junit4.internal.impl.PowerMockJUnit47RunnerDelegateImpl$PowerMockJUnit47MethodRunner$TestExecutorStatement.evaluate(PowerMockJUnit47RunnerDelegateImpl.java:147)
at org.powermock.modules.junit4.internal.impl.PowerMockJUnit47RunnerDelegateImpl$PowerMockJUnit47MethodRunner.evaluateStatement(PowerMockJUnit47RunnerDelegateImpl.java:107)
at org.powermock.modules.junit4.internal.impl.PowerMockJUnit47RunnerDelegateImpl$PowerMockJUnit47MethodRunner.executeTest(PowerMockJUnit47RunnerDelegateImpl.java:82)
at org.powermock.modules.junit4.internal.impl.PowerMockJUnit44RunnerDelegateImpl$PowerMockJUnit44MethodRunner.runBeforesThenTestThenAfters(PowerMockJUnit44RunnerDelegateImpl.java:298)
at org.junit.internal.runners.MethodRoadie.runTest(MethodRoadie.java:86)
at org.junit.internal.runners.MethodRoadie.run(MethodRoadie.java:49)
at org.powermock.modules.junit4.internal.impl.PowerMockJUnit44RunnerDelegateImpl.invokeTestMethod(PowerMockJUnit44RunnerDelegateImpl.java:218)
at org.powermock.modules.junit4.internal.impl.PowerMockJUnit44RunnerDelegateImpl.runMethods(PowerMockJUnit44RunnerDelegateImpl.java:160)
at org.powermock.modules.junit4.internal.impl.PowerMockJUnit44RunnerDelegateImpl$1.run(PowerMockJUnit44RunnerDelegateImpl.java:134)
at org.junit.internal.runners.ClassRoadie.runUnprotected(ClassRoadie.java:33)
at org.junit.internal.runners.ClassRoadie.runProtected(ClassRoadie.java:45)
at org.powermock.modules.junit4.internal.impl.PowerMockJUnit44RunnerDelegateImpl.run(PowerMockJUnit44RunnerDelegateImpl.java:136)
at org.powermock.modules.junit4.common.internal.impl.JUnit4TestSuiteChunkerImpl.run(JUnit4TestSuiteChunkerImpl.java:117)
at org.powermock.modules.junit4.common.internal.impl.AbstractCommonPowerMockRunner.run(AbstractCommonPowerMockRunner.java:57)
at org.powermock.modules.junit4.PowerMockRunner.run(PowerMockRunner.java:59)
at org.junit.runner.JUnitCore.run(JUnitCore.java:160)
at org.junit.runner.JUnitCore.run(JUnitCore.java:138)
at java.base/java.util.ArrayList.forEach(ArrayList.java:1511)
... Removed 28 stack frames]]>
    </failure>
  </testcase> <!-- testLoadTable on testLoadTable(com.polypro.duan1quanlynongsan.Dao.KhachHangDaoTest) -->
  <testcase classname="com.polypro.duan1quanlynongsan.Dao.KhachHangDaoTest" name="testDeleteWhitVailidId on testDeleteWhitVailidId(com.polypro.duan1quanlynongsan.Dao.KhachHangDaoTest)" time="1.369">
    <failure type="java.lang.LinkageError" message="loader constraint violation in interface itable initialization for class javax.swing.JComponent$1: when selecting method &amp;apos;boolean sun.swing.SwingAccessor$JComponentAccessor.getFlag(javax.swing.JComponent, int)&amp;apos; the class loader &amp;apos;bootstrap&amp;apos; for super interface sun.swing.SwingAccessor$JComponentAccessor, and the class loader org.powermock.core.classloader.javassist.JavassistMockClassLoader @3901d134 of the selected method&amp;apos;s class, javax.swing.JComponent$1 have different Class objects for the type javax.swing.JComponent used in the signature (sun.swing.SwingAccessor$JComponentAccessor is in module java.desktop of loader &amp;apos;bootstrap&amp;apos;; javax.swing.JComponent$1 is in unnamed module of loader org.powermock.core.classloader.javassist.JavassistMockClassLoader @3901d134, parent loader &amp;apos;app&amp;apos;)">
      <![CDATA[java.lang.LinkageError: loader constraint violation in interface itable initialization for class javax.swing.JComponent$1: when selecting method 'boolean sun.swing.SwingAccessor$JComponentAccessor.getFlag(javax.swing.JComponent, int)' the class loader 'bootstrap' for super interface sun.swing.SwingAccessor$JComponentAccessor, and the class loader org.powermock.core.classloader.javassist.JavassistMockClassLoader @3901d134 of the selected method's class, javax.swing.JComponent$1 have different Class objects for the type javax.swing.JComponent used in the signature (sun.swing.SwingAccessor$JComponentAccessor is in module java.desktop of loader 'bootstrap'; javax.swing.JComponent$1 is in unnamed module of loader org.powermock.core.classloader.javassist.JavassistMockClassLoader @3901d134, parent loader 'app')
at javax.swing.JComponent.<clinit>(JComponent.java:381)
at com.polypro.duan1quanlynongsan.Helper.JdialogHelper.comformdialog(JdialogHelper.java:23)
at com.polypro.duan1quanlynongsan.Dao.KhachHangDao.delete(KhachHangDao.java:50)
at com.polypro.duan1quanlynongsan.Dao.KhachHangDaoTest.testDeleteWhitVailidId(KhachHangDaoTest.java:121)
at org.junit.internal.runners.TestMethod.invoke(TestMethod.java:68)
at org.powermock.modules.junit4.internal.impl.PowerMockJUnit44RunnerDelegateImpl$PowerMockJUnit44MethodRunner.runTestMethod(PowerMockJUnit44RunnerDelegateImpl.java:326)
at org.junit.internal.runners.MethodRoadie$2.run(MethodRoadie.java:88)
at org.junit.internal.runners.MethodRoadie.runBeforesThenTestThenAfters(MethodRoadie.java:96)
at org.powermock.modules.junit4.internal.impl.PowerMockJUnit44RunnerDelegateImpl$PowerMockJUnit44MethodRunner.executeTest(PowerMockJUnit44RunnerDelegateImpl.java:310)
at org.powermock.modules.junit4.internal.impl.PowerMockJUnit47RunnerDelegateImpl$PowerMockJUnit47MethodRunner.executeTestInSuper(PowerMockJUnit47RunnerDelegateImpl.java:131)
at org.powermock.modules.junit4.internal.impl.PowerMockJUnit47RunnerDelegateImpl$PowerMockJUnit47MethodRunner.access$100(PowerMockJUnit47RunnerDelegateImpl.java:59)
at org.powermock.modules.junit4.internal.impl.PowerMockJUnit47RunnerDelegateImpl$PowerMockJUnit47MethodRunner$TestExecutorStatement.evaluate(PowerMockJUnit47RunnerDelegateImpl.java:147)
at org.powermock.modules.junit4.internal.impl.PowerMockJUnit47RunnerDelegateImpl$PowerMockJUnit47MethodRunner.evaluateStatement(PowerMockJUnit47RunnerDelegateImpl.java:107)
at org.powermock.modules.junit4.internal.impl.PowerMockJUnit47RunnerDelegateImpl$PowerMockJUnit47MethodRunner.executeTest(PowerMockJUnit47RunnerDelegateImpl.java:82)
at org.powermock.modules.junit4.internal.impl.PowerMockJUnit44RunnerDelegateImpl$PowerMockJUnit44MethodRunner.runBeforesThenTestThenAfters(PowerMockJUnit44RunnerDelegateImpl.java:298)
at org.junit.internal.runners.MethodRoadie.runTest(MethodRoadie.java:86)
at org.junit.internal.runners.MethodRoadie.run(MethodRoadie.java:49)
at org.powermock.modules.junit4.internal.impl.PowerMockJUnit44RunnerDelegateImpl.invokeTestMethod(PowerMockJUnit44RunnerDelegateImpl.java:218)
at org.powermock.modules.junit4.internal.impl.PowerMockJUnit44RunnerDelegateImpl.runMethods(PowerMockJUnit44RunnerDelegateImpl.java:160)
at org.powermock.modules.junit4.internal.impl.PowerMockJUnit44RunnerDelegateImpl$1.run(PowerMockJUnit44RunnerDelegateImpl.java:134)
at org.junit.internal.runners.ClassRoadie.runUnprotected(ClassRoadie.java:33)
at org.junit.internal.runners.ClassRoadie.runProtected(ClassRoadie.java:45)
at org.powermock.modules.junit4.internal.impl.PowerMockJUnit44RunnerDelegateImpl.run(PowerMockJUnit44RunnerDelegateImpl.java:136)
at org.powermock.modules.junit4.common.internal.impl.JUnit4TestSuiteChunkerImpl.run(JUnit4TestSuiteChunkerImpl.java:117)
at org.powermock.modules.junit4.common.internal.impl.AbstractCommonPowerMockRunner.run(AbstractCommonPowerMockRunner.java:57)
at org.powermock.modules.junit4.PowerMockRunner.run(PowerMockRunner.java:59)
at org.junit.runner.JUnitCore.run(JUnitCore.java:160)
at org.junit.runner.JUnitCore.run(JUnitCore.java:138)
at java.base/java.util.ArrayList.forEach(ArrayList.java:1511)
... Removed 28 stack frames]]>
    </failure>
  </testcase> <!-- testDeleteWhitVailidId on testDeleteWhitVailidId(com.polypro.duan1quanlynongsan.Dao.KhachHangDaoTest) -->
  <testcase classname="com.polypro.duan1quanlynongsan.Dao.KhachHangDaoTest" name="testUpdateWhitNulNh on testUpdateWhitNulNh(com.polypro.duan1quanlynongsan.Dao.KhachHangDaoTest)" time="1.372"/>
  <testcase classname="com.polypro.duan1quanlynongsan.Dao.KhachHangDaoTest" name="testDeleteWhitEmptyId on testDeleteWhitEmptyId(com.polypro.duan1quanlynongsan.Dao.KhachHangDaoTest)" time="1.372">
    <failure type="java.lang.Exception" message="Unexpected exception, expected&amp;lt;java.lang.Exception&amp;gt; but was&amp;lt;java.lang.NoClassDefFoundError&amp;gt;">
      <![CDATA[java.lang.Exception: Unexpected exception, expected<java.lang.Exception> but was<java.lang.NoClassDefFoundError>
at org.powermock.modules.junit4.internal.impl.PowerMockJUnit44RunnerDelegateImpl$PowerMockJUnit44MethodRunner.handleException(PowerMockJUnit44RunnerDelegateImpl.java:380)
at org.powermock.modules.junit4.internal.impl.PowerMockJUnit47RunnerDelegateImpl$PowerMockJUnit47MethodRunner.handleException(PowerMockJUnit47RunnerDelegateImpl.java:126)
at org.powermock.modules.junit4.internal.impl.PowerMockJUnit44RunnerDelegateImpl$PowerMockJUnit44MethodRunner.handleInvocationTargetException(PowerMockJUnit44RunnerDelegateImpl.java:353)
at org.powermock.modules.junit4.internal.impl.PowerMockJUnit44RunnerDelegateImpl$PowerMockJUnit44MethodRunner.runTestMethod(PowerMockJUnit44RunnerDelegateImpl.java:331)
at org.junit.internal.runners.MethodRoadie$2.run(MethodRoadie.java:88)
at org.junit.internal.runners.MethodRoadie.runBeforesThenTestThenAfters(MethodRoadie.java:96)
at org.powermock.modules.junit4.internal.impl.PowerMockJUnit44RunnerDelegateImpl$PowerMockJUnit44MethodRunner.executeTest(PowerMockJUnit44RunnerDelegateImpl.java:310)
at org.powermock.modules.junit4.internal.impl.PowerMockJUnit47RunnerDelegateImpl$PowerMockJUnit47MethodRunner.executeTestInSuper(PowerMockJUnit47RunnerDelegateImpl.java:131)
at org.powermock.modules.junit4.internal.impl.PowerMockJUnit47RunnerDelegateImpl$PowerMockJUnit47MethodRunner.access$100(PowerMockJUnit47RunnerDelegateImpl.java:59)
at org.powermock.modules.junit4.internal.impl.PowerMockJUnit47RunnerDelegateImpl$PowerMockJUnit47MethodRunner$TestExecutorStatement.evaluate(PowerMockJUnit47RunnerDelegateImpl.java:147)
at org.powermock.modules.junit4.internal.impl.PowerMockJUnit47RunnerDelegateImpl$PowerMockJUnit47MethodRunner.evaluateStatement(PowerMockJUnit47RunnerDelegateImpl.java:107)
at org.powermock.modules.junit4.internal.impl.PowerMockJUnit47RunnerDelegateImpl$PowerMockJUnit47MethodRunner.executeTest(PowerMockJUnit47RunnerDelegateImpl.java:82)
at org.powermock.modules.junit4.internal.impl.PowerMockJUnit44RunnerDelegateImpl$PowerMockJUnit44MethodRunner.runBeforesThenTestThenAfters(PowerMockJUnit44RunnerDelegateImpl.java:298)
at org.junit.internal.runners.MethodRoadie.runTest(MethodRoadie.java:86)
at org.junit.internal.runners.MethodRoadie.run(MethodRoadie.java:49)
at org.powermock.modules.junit4.internal.impl.PowerMockJUnit44RunnerDelegateImpl.invokeTestMethod(PowerMockJUnit44RunnerDelegateImpl.java:218)
at org.powermock.modules.junit4.internal.impl.PowerMockJUnit44RunnerDelegateImpl.runMethods(PowerMockJUnit44RunnerDelegateImpl.java:160)
at org.powermock.modules.junit4.internal.impl.PowerMockJUnit44RunnerDelegateImpl$1.run(PowerMockJUnit44RunnerDelegateImpl.java:134)
at org.junit.internal.runners.ClassRoadie.runUnprotected(ClassRoadie.java:33)
at org.junit.internal.runners.ClassRoadie.runProtected(ClassRoadie.java:45)
at org.powermock.modules.junit4.internal.impl.PowerMockJUnit44RunnerDelegateImpl.run(PowerMockJUnit44RunnerDelegateImpl.java:136)
at org.powermock.modules.junit4.common.internal.impl.JUnit4TestSuiteChunkerImpl.run(JUnit4TestSuiteChunkerImpl.java:117)
at org.powermock.modules.junit4.common.internal.impl.AbstractCommonPowerMockRunner.run(AbstractCommonPowerMockRunner.java:57)
at org.powermock.modules.junit4.PowerMockRunner.run(PowerMockRunner.java:59)
at org.junit.runner.JUnitCore.run(JUnitCore.java:160)
at org.junit.runner.JUnitCore.run(JUnitCore.java:138)
at java.base/java.util.ArrayList.forEach(ArrayList.java:1511)
Caused by: java.lang.NoClassDefFoundError: Could not initialize class javax.swing.JOptionPane
at com.polypro.duan1quanlynongsan.Helper.JdialogHelper.comformdialog(JdialogHelper.java:23)
at com.polypro.duan1quanlynongsan.Dao.KhachHangDao.delete(KhachHangDao.java:50)
at com.polypro.duan1quanlynongsan.Dao.KhachHangDaoTest.testDeleteWhitEmptyId(KhachHangDaoTest.java:111)
at org.junit.internal.runners.TestMethod.invoke(TestMethod.java:68)
at org.powermock.modules.junit4.internal.impl.PowerMockJUnit44RunnerDelegateImpl$PowerMockJUnit44MethodRunner.runTestMethod(PowerMockJUnit44RunnerDelegateImpl.java:326)
... 47 more
... Removed 28 stack frames]]>
    </failure>
  </testcase> <!-- testDeleteWhitEmptyId on testDeleteWhitEmptyId(com.polypro.duan1quanlynongsan.Dao.KhachHangDaoTest) -->
  <testcase classname="com.polypro.duan1quanlynongsan.Dao.KhachHangDaoTest" name="testSelectByKeyword on testSelectByKeyword(com.polypro.duan1quanlynongsan.Dao.KhachHangDaoTest)" time="1.375">
    <failure type="java.lang.NullPointerException">
      <![CDATA[java.lang.NullPointerException
at com.polypro.duan1quanlynongsan.Dao.KhachHangDao.selectByKeyword(KhachHangDao.java:165)
at com.polypro.duan1quanlynongsan.Dao.KhachHangDaoTest.testSelectByKeyword(KhachHangDaoTest.java:173)
at org.junit.internal.runners.TestMethod.invoke(TestMethod.java:68)
at org.powermock.modules.junit4.internal.impl.PowerMockJUnit44RunnerDelegateImpl$PowerMockJUnit44MethodRunner.runTestMethod(PowerMockJUnit44RunnerDelegateImpl.java:326)
at org.junit.internal.runners.MethodRoadie$2.run(MethodRoadie.java:88)
at org.junit.internal.runners.MethodRoadie.runBeforesThenTestThenAfters(MethodRoadie.java:96)
at org.powermock.modules.junit4.internal.impl.PowerMockJUnit44RunnerDelegateImpl$PowerMockJUnit44MethodRunner.executeTest(PowerMockJUnit44RunnerDelegateImpl.java:310)
at org.powermock.modules.junit4.internal.impl.PowerMockJUnit47RunnerDelegateImpl$PowerMockJUnit47MethodRunner.executeTestInSuper(PowerMockJUnit47RunnerDelegateImpl.java:131)
at org.powermock.modules.junit4.internal.impl.PowerMockJUnit47RunnerDelegateImpl$PowerMockJUnit47MethodRunner.access$100(PowerMockJUnit47RunnerDelegateImpl.java:59)
at org.powermock.modules.junit4.internal.impl.PowerMockJUnit47RunnerDelegateImpl$PowerMockJUnit47MethodRunner$TestExecutorStatement.evaluate(PowerMockJUnit47RunnerDelegateImpl.java:147)
at org.powermock.modules.junit4.internal.impl.PowerMockJUnit47RunnerDelegateImpl$PowerMockJUnit47MethodRunner.evaluateStatement(PowerMockJUnit47RunnerDelegateImpl.java:107)
at org.powermock.modules.junit4.internal.impl.PowerMockJUnit47RunnerDelegateImpl$PowerMockJUnit47MethodRunner.executeTest(PowerMockJUnit47RunnerDelegateImpl.java:82)
at org.powermock.modules.junit4.internal.impl.PowerMockJUnit44RunnerDelegateImpl$PowerMockJUnit44MethodRunner.runBeforesThenTestThenAfters(PowerMockJUnit44RunnerDelegateImpl.java:298)
at org.junit.internal.runners.MethodRoadie.runTest(MethodRoadie.java:86)
at org.junit.internal.runners.MethodRoadie.run(MethodRoadie.java:49)
at org.powermock.modules.junit4.internal.impl.PowerMockJUnit44RunnerDelegateImpl.invokeTestMethod(PowerMockJUnit44RunnerDelegateImpl.java:218)
at org.powermock.modules.junit4.internal.impl.PowerMockJUnit44RunnerDelegateImpl.runMethods(PowerMockJUnit44RunnerDelegateImpl.java:160)
at org.powermock.modules.junit4.internal.impl.PowerMockJUnit44RunnerDelegateImpl$1.run(PowerMockJUnit44RunnerDelegateImpl.java:134)
at org.junit.internal.runners.ClassRoadie.runUnprotected(ClassRoadie.java:33)
at org.junit.internal.runners.ClassRoadie.runProtected(ClassRoadie.java:45)
at org.powermock.modules.junit4.internal.impl.PowerMockJUnit44RunnerDelegateImpl.run(PowerMockJUnit44RunnerDelegateImpl.java:136)
at org.powermock.modules.junit4.common.internal.impl.JUnit4TestSuiteChunkerImpl.run(JUnit4TestSuiteChunkerImpl.java:117)
at org.powermock.modules.junit4.common.internal.impl.AbstractCommonPowerMockRunner.run(AbstractCommonPowerMockRunner.java:57)
at org.powermock.modules.junit4.PowerMockRunner.run(PowerMockRunner.java:59)
at org.junit.runner.JUnitCore.run(JUnitCore.java:160)
at org.junit.runner.JUnitCore.run(JUnitCore.java:138)
at java.base/java.util.ArrayList.forEach(ArrayList.java:1511)
... Removed 28 stack frames]]>
    </failure>
  </testcase> <!-- testSelectByKeyword on testSelectByKeyword(com.polypro.duan1quanlynongsan.Dao.KhachHangDaoTest) -->
  <testcase classname="com.polypro.duan1quanlynongsan.Dao.KhachHangDaoTest" name="testInsertWhitEmptyNh on testInsertWhitEmptyNh(com.polypro.duan1quanlynongsan.Dao.KhachHangDaoTest)" time="1.377">
    <failure type="java.lang.AssertionError" message="Expected exception: java.lang.Exception">
      <![CDATA[java.lang.AssertionError: Expected exception: java.lang.Exception
at org.powermock.modules.junit4.internal.impl.PowerMockJUnit44RunnerDelegateImpl$PowerMockJUnit44MethodRunner.runTestMethod(PowerMockJUnit44RunnerDelegateImpl.java:328)
at org.junit.internal.runners.MethodRoadie$2.run(MethodRoadie.java:88)
at org.junit.internal.runners.MethodRoadie.runBeforesThenTestThenAfters(MethodRoadie.java:96)
at org.powermock.modules.junit4.internal.impl.PowerMockJUnit44RunnerDelegateImpl$PowerMockJUnit44MethodRunner.executeTest(PowerMockJUnit44RunnerDelegateImpl.java:310)
at org.powermock.modules.junit4.internal.impl.PowerMockJUnit47RunnerDelegateImpl$PowerMockJUnit47MethodRunner.executeTestInSuper(PowerMockJUnit47RunnerDelegateImpl.java:131)
at org.powermock.modules.junit4.internal.impl.PowerMockJUnit47RunnerDelegateImpl$PowerMockJUnit47MethodRunner.access$100(PowerMockJUnit47RunnerDelegateImpl.java:59)
at org.powermock.modules.junit4.internal.impl.PowerMockJUnit47RunnerDelegateImpl$PowerMockJUnit47MethodRunner$TestExecutorStatement.evaluate(PowerMockJUnit47RunnerDelegateImpl.java:147)
at org.powermock.modules.junit4.internal.impl.PowerMockJUnit47RunnerDelegateImpl$PowerMockJUnit47MethodRunner.evaluateStatement(PowerMockJUnit47RunnerDelegateImpl.java:107)
at org.powermock.modules.junit4.internal.impl.PowerMockJUnit47RunnerDelegateImpl$PowerMockJUnit47MethodRunner.executeTest(PowerMockJUnit47RunnerDelegateImpl.java:82)
at org.powermock.modules.junit4.internal.impl.PowerMockJUnit44RunnerDelegateImpl$PowerMockJUnit44MethodRunner.runBeforesThenTestThenAfters(PowerMockJUnit44RunnerDelegateImpl.java:298)
at org.junit.internal.runners.MethodRoadie.runTest(MethodRoadie.java:86)
at org.junit.internal.runners.MethodRoadie.run(MethodRoadie.java:49)
at org.powermock.modules.junit4.internal.impl.PowerMockJUnit44RunnerDelegateImpl.invokeTestMethod(PowerMockJUnit44RunnerDelegateImpl.java:218)
at org.powermock.modules.junit4.internal.impl.PowerMockJUnit44RunnerDelegateImpl.runMethods(PowerMockJUnit44RunnerDelegateImpl.java:160)
at org.powermock.modules.junit4.internal.impl.PowerMockJUnit44RunnerDelegateImpl$1.run(PowerMockJUnit44RunnerDelegateImpl.java:134)
at org.junit.internal.runners.ClassRoadie.runUnprotected(ClassRoadie.java:33)
at org.junit.internal.runners.ClassRoadie.runProtected(ClassRoadie.java:45)
at org.powermock.modules.junit4.internal.impl.PowerMockJUnit44RunnerDelegateImpl.run(PowerMockJUnit44RunnerDelegateImpl.java:136)
at org.powermock.modules.junit4.common.internal.impl.JUnit4TestSuiteChunkerImpl.run(JUnit4TestSuiteChunkerImpl.java:117)
at org.powermock.modules.junit4.common.internal.impl.AbstractCommonPowerMockRunner.run(AbstractCommonPowerMockRunner.java:57)
at org.powermock.modules.junit4.PowerMockRunner.run(PowerMockRunner.java:59)
at org.junit.runner.JUnitCore.run(JUnitCore.java:160)
at org.junit.runner.JUnitCore.run(JUnitCore.java:138)
at java.base/java.util.ArrayList.forEach(ArrayList.java:1511)
... Removed 24 stack frames]]>
    </failure>
  </testcase> <!-- testInsertWhitEmptyNh on testInsertWhitEmptyNh(com.polypro.duan1quanlynongsan.Dao.KhachHangDaoTest) -->
  <testcase classname="com.polypro.duan1quanlynongsan.Dao.KhachHangDaoTest" name="testInsertWhitVailidNh on testInsertWhitVailidNh(com.polypro.duan1quanlynongsan.Dao.KhachHangDaoTest)" time="1.379"/>
  <testcase classname="com.polypro.duan1quanlynongsan.Dao.KhachHangDaoTest" name="testUpdateWhitEmptyNh on testUpdateWhitEmptyNh(com.polypro.duan1quanlynongsan.Dao.KhachHangDaoTest)" time="1.38">
    <failure type="java.lang.AssertionError" message="Expected exception: java.lang.Exception">
      <![CDATA[java.lang.AssertionError: Expected exception: java.lang.Exception
at org.powermock.modules.junit4.internal.impl.PowerMockJUnit44RunnerDelegateImpl$PowerMockJUnit44MethodRunner.runTestMethod(PowerMockJUnit44RunnerDelegateImpl.java:328)
at org.junit.internal.runners.MethodRoadie$2.run(MethodRoadie.java:88)
at org.junit.internal.runners.MethodRoadie.runBeforesThenTestThenAfters(MethodRoadie.java:96)
at org.powermock.modules.junit4.internal.impl.PowerMockJUnit44RunnerDelegateImpl$PowerMockJUnit44MethodRunner.executeTest(PowerMockJUnit44RunnerDelegateImpl.java:310)
at org.powermock.modules.junit4.internal.impl.PowerMockJUnit47RunnerDelegateImpl$PowerMockJUnit47MethodRunner.executeTestInSuper(PowerMockJUnit47RunnerDelegateImpl.java:131)
at org.powermock.modules.junit4.internal.impl.PowerMockJUnit47RunnerDelegateImpl$PowerMockJUnit47MethodRunner.access$100(PowerMockJUnit47RunnerDelegateImpl.java:59)
at org.powermock.modules.junit4.internal.impl.PowerMockJUnit47RunnerDelegateImpl$PowerMockJUnit47MethodRunner$TestExecutorStatement.evaluate(PowerMockJUnit47RunnerDelegateImpl.java:147)
at org.powermock.modules.junit4.internal.impl.PowerMockJUnit47RunnerDelegateImpl$PowerMockJUnit47MethodRunner.evaluateStatement(PowerMockJUnit47RunnerDelegateImpl.java:107)
at org.powermock.modules.junit4.internal.impl.PowerMockJUnit47RunnerDelegateImpl$PowerMockJUnit47MethodRunner.executeTest(PowerMockJUnit47RunnerDelegateImpl.java:82)
at org.powermock.modules.junit4.internal.impl.PowerMockJUnit44RunnerDelegateImpl$PowerMockJUnit44MethodRunner.runBeforesThenTestThenAfters(PowerMockJUnit44RunnerDelegateImpl.java:298)
at org.junit.internal.runners.MethodRoadie.runTest(MethodRoadie.java:86)
at org.junit.internal.runners.MethodRoadie.run(MethodRoadie.java:49)
at org.powermock.modules.junit4.internal.impl.PowerMockJUnit44RunnerDelegateImpl.invokeTestMethod(PowerMockJUnit44RunnerDelegateImpl.java:218)
at org.powermock.modules.junit4.internal.impl.PowerMockJUnit44RunnerDelegateImpl.runMethods(PowerMockJUnit44RunnerDelegateImpl.java:160)
at org.powermock.modules.junit4.internal.impl.PowerMockJUnit44RunnerDelegateImpl$1.run(PowerMockJUnit44RunnerDelegateImpl.java:134)
at org.junit.internal.runners.ClassRoadie.runUnprotected(ClassRoadie.java:33)
at org.junit.internal.runners.ClassRoadie.runProtected(ClassRoadie.java:45)
at org.powermock.modules.junit4.internal.impl.PowerMockJUnit44RunnerDelegateImpl.run(PowerMockJUnit44RunnerDelegateImpl.java:136)
at org.powermock.modules.junit4.common.internal.impl.JUnit4TestSuiteChunkerImpl.run(JUnit4TestSuiteChunkerImpl.java:117)
at org.powermock.modules.junit4.common.internal.impl.AbstractCommonPowerMockRunner.run(AbstractCommonPowerMockRunner.java:57)
at org.powermock.modules.junit4.PowerMockRunner.run(PowerMockRunner.java:59)
at org.junit.runner.JUnitCore.run(JUnitCore.java:160)
at org.junit.runner.JUnitCore.run(JUnitCore.java:138)
at java.base/java.util.ArrayList.forEach(ArrayList.java:1511)
... Removed 24 stack frames]]>
    </failure>
  </testcase> <!-- testUpdateWhitEmptyNh on testUpdateWhitEmptyNh(com.polypro.duan1quanlynongsan.Dao.KhachHangDaoTest) -->
  <testcase classname="com.polypro.duan1quanlynongsan.Dao.KhachHangDaoTest" name="testUpdateWhitVailidNh on testUpdateWhitVailidNh(com.polypro.duan1quanlynongsan.Dao.KhachHangDaoTest)" time="1.381"/>
  <testcase classname="com.polypro.duan1quanlynongsan.Dao.KhachHangDaoTest" name="testDeleteWhitnullId on testDeleteWhitnullId(com.polypro.duan1quanlynongsan.Dao.KhachHangDaoTest)" time="1.382">
    <failure type="java.lang.Exception" message="Unexpected exception, expected&amp;lt;java.lang.Exception&amp;gt; but was&amp;lt;java.lang.NoClassDefFoundError&amp;gt;">
      <![CDATA[java.lang.Exception: Unexpected exception, expected<java.lang.Exception> but was<java.lang.NoClassDefFoundError>
at org.powermock.modules.junit4.internal.impl.PowerMockJUnit44RunnerDelegateImpl$PowerMockJUnit44MethodRunner.handleException(PowerMockJUnit44RunnerDelegateImpl.java:380)
at org.powermock.modules.junit4.internal.impl.PowerMockJUnit47RunnerDelegateImpl$PowerMockJUnit47MethodRunner.handleException(PowerMockJUnit47RunnerDelegateImpl.java:126)
at org.powermock.modules.junit4.internal.impl.PowerMockJUnit44RunnerDelegateImpl$PowerMockJUnit44MethodRunner.handleInvocationTargetException(PowerMockJUnit44RunnerDelegateImpl.java:353)
at org.powermock.modules.junit4.internal.impl.PowerMockJUnit44RunnerDelegateImpl$PowerMockJUnit44MethodRunner.runTestMethod(PowerMockJUnit44RunnerDelegateImpl.java:331)
at org.junit.internal.runners.MethodRoadie$2.run(MethodRoadie.java:88)
at org.junit.internal.runners.MethodRoadie.runBeforesThenTestThenAfters(MethodRoadie.java:96)
at org.powermock.modules.junit4.internal.impl.PowerMockJUnit44RunnerDelegateImpl$PowerMockJUnit44MethodRunner.executeTest(PowerMockJUnit44RunnerDelegateImpl.java:310)
at org.powermock.modules.junit4.internal.impl.PowerMockJUnit47RunnerDelegateImpl$PowerMockJUnit47MethodRunner.executeTestInSuper(PowerMockJUnit47RunnerDelegateImpl.java:131)
at org.powermock.modules.junit4.internal.impl.PowerMockJUnit47RunnerDelegateImpl$PowerMockJUnit47MethodRunner.access$100(PowerMockJUnit47RunnerDelegateImpl.java:59)
at org.powermock.modules.junit4.internal.impl.PowerMockJUnit47RunnerDelegateImpl$PowerMockJUnit47MethodRunner$TestExecutorStatement.evaluate(PowerMockJUnit47RunnerDelegateImpl.java:147)
at org.powermock.modules.junit4.internal.impl.PowerMockJUnit47RunnerDelegateImpl$PowerMockJUnit47MethodRunner.evaluateStatement(PowerMockJUnit47RunnerDelegateImpl.java:107)
at org.powermock.modules.junit4.internal.impl.PowerMockJUnit47RunnerDelegateImpl$PowerMockJUnit47MethodRunner.executeTest(PowerMockJUnit47RunnerDelegateImpl.java:82)
at org.powermock.modules.junit4.internal.impl.PowerMockJUnit44RunnerDelegateImpl$PowerMockJUnit44MethodRunner.runBeforesThenTestThenAfters(PowerMockJUnit44RunnerDelegateImpl.java:298)
at org.junit.internal.runners.MethodRoadie.runTest(MethodRoadie.java:86)
at org.junit.internal.runners.MethodRoadie.run(MethodRoadie.java:49)
at org.powermock.modules.junit4.internal.impl.PowerMockJUnit44RunnerDelegateImpl.invokeTestMethod(PowerMockJUnit44RunnerDelegateImpl.java:218)
at org.powermock.modules.junit4.internal.impl.PowerMockJUnit44RunnerDelegateImpl.runMethods(PowerMockJUnit44RunnerDelegateImpl.java:160)
at org.powermock.modules.junit4.internal.impl.PowerMockJUnit44RunnerDelegateImpl$1.run(PowerMockJUnit44RunnerDelegateImpl.java:134)
at org.junit.internal.runners.ClassRoadie.runUnprotected(ClassRoadie.java:33)
at org.junit.internal.runners.ClassRoadie.runProtected(ClassRoadie.java:45)
at org.powermock.modules.junit4.internal.impl.PowerMockJUnit44RunnerDelegateImpl.run(PowerMockJUnit44RunnerDelegateImpl.java:136)
at org.powermock.modules.junit4.common.internal.impl.JUnit4TestSuiteChunkerImpl.run(JUnit4TestSuiteChunkerImpl.java:117)
at org.powermock.modules.junit4.common.internal.impl.AbstractCommonPowerMockRunner.run(AbstractCommonPowerMockRunner.java:57)
at org.powermock.modules.junit4.PowerMockRunner.run(PowerMockRunner.java:59)
at org.junit.runner.JUnitCore.run(JUnitCore.java:160)
at org.junit.runner.JUnitCore.run(JUnitCore.java:138)
at java.base/java.util.ArrayList.forEach(ArrayList.java:1511)
Caused by: java.lang.NoClassDefFoundError: Could not initialize class javax.swing.JOptionPane
at com.polypro.duan1quanlynongsan.Helper.JdialogHelper.comformdialog(JdialogHelper.java:23)
at com.polypro.duan1quanlynongsan.Dao.KhachHangDao.delete(KhachHangDao.java:50)
at com.polypro.duan1quanlynongsan.Dao.KhachHangDaoTest.testDeleteWhitnullId(KhachHangDaoTest.java:116)
at org.junit.internal.runners.TestMethod.invoke(TestMethod.java:68)
at org.powermock.modules.junit4.internal.impl.PowerMockJUnit44RunnerDelegateImpl$PowerMockJUnit44MethodRunner.runTestMethod(PowerMockJUnit44RunnerDelegateImpl.java:326)
... 47 more
... Removed 28 stack frames]]>
    </failure>
  </testcase> <!-- testDeleteWhitnullId on testDeleteWhitnullId(com.polypro.duan1quanlynongsan.Dao.KhachHangDaoTest) -->
  <testcase classname="com.polypro.duan1quanlynongsan.Dao.KhachHangDaoTest" name="testInsertWhitnulNh on testInsertWhitnulNh(com.polypro.duan1quanlynongsan.Dao.KhachHangDaoTest)" time="1.384"/>
</testsuite> <!-- Surefire test -->
