-------------------------------------------------------------------------------
Test set: com.polypro.duan1quanlynongsan.Dao.KhachHangDaoTest
-------------------------------------------------------------------------------
Tests run: 15, Failures: 11, Errors: 0, Skipped: 0, Time elapsed: 2.19 s <<< FAILURE! - in com.polypro.duan1quanlynongsan.Dao.KhachHangDaoTest
com.polypro.duan1quanlynongsan.Dao.KhachHangDaoTest.testSelectAll on testSelectAll(com.polypro.duan1quanlynongsan.Dao.KhachHangDaoTest)  Time elapsed: 1.276 s  <<< FAILURE!
java.lang.NullPointerException
	at com.polypro.duan1quanlynongsan.Dao.KhachHangDaoTest.testSelectAll(KhachHangDaoTest.java:128)

com.polypro.duan1quanlynongsan.Dao.KhachHangDaoTest.testSelectByName on testSelectByName(com.polypro.duan1quanlynongsan.Dao.KhachHangDaoTest)  Time elapsed: 0.002 s  <<< FAILURE!
java.lang.NullPointerException
	at com.polypro.duan1quanlynongsan.Dao.KhachHangDaoTest.testSelectByName(KhachHangDaoTest.java:150)

com.polypro.duan1quanlynongsan.Dao.KhachHangDaoTest.testSelectBySql on testSelectBySql(com.polypro.duan1quanlynongsan.Dao.KhachHangDaoTest)  Time elapsed: 0.002 s  <<< FAILURE!
java.lang.NullPointerException
	at com.polypro.duan1quanlynongsan.Dao.KhachHangDaoTest.testSelectBySql(KhachHangDaoTest.java:162)

com.polypro.duan1quanlynongsan.Dao.KhachHangDaoTest.testSelectById on testSelectById(com.polypro.duan1quanlynongsan.Dao.KhachHangDaoTest)  Time elapsed: 0.002 s  <<< FAILURE!
java.lang.NullPointerException
	at com.polypro.duan1quanlynongsan.Dao.KhachHangDaoTest.testSelectById(KhachHangDaoTest.java:139)

com.polypro.duan1quanlynongsan.Dao.KhachHangDaoTest.testLoadTable on testLoadTable(com.polypro.duan1quanlynongsan.Dao.KhachHangDaoTest)  Time elapsed: 0.004 s  <<< FAILURE!
java.lang.NullPointerException
	at com.polypro.duan1quanlynongsan.Dao.KhachHangDaoTest.testLoadTable(KhachHangDaoTest.java:184)

com.polypro.duan1quanlynongsan.Dao.KhachHangDaoTest.testDeleteWhitVailidId on testDeleteWhitVailidId(com.polypro.duan1quanlynongsan.Dao.KhachHangDaoTest)  Time elapsed: 0.058 s  <<< FAILURE!
java.lang.LinkageError: loader constraint violation in interface itable initialization for class javax.swing.JComponent$1: when selecting method 'boolean sun.swing.SwingAccessor$JComponentAccessor.getFlag(javax.swing.JComponent, int)' the class loader 'bootstrap' for super interface sun.swing.SwingAccessor$JComponentAccessor, and the class loader org.powermock.core.classloader.javassist.JavassistMockClassLoader @3901d134 of the selected method's class, javax.swing.JComponent$1 have different Class objects for the type javax.swing.JComponent used in the signature (sun.swing.SwingAccessor$JComponentAccessor is in module java.desktop of loader 'bootstrap'; javax.swing.JComponent$1 is in unnamed module of loader org.powermock.core.classloader.javassist.JavassistMockClassLoader @3901d134, parent loader 'app')
	at com.polypro.duan1quanlynongsan.Dao.KhachHangDaoTest.testDeleteWhitVailidId(KhachHangDaoTest.java:121)

com.polypro.duan1quanlynongsan.Dao.KhachHangDaoTest.testDeleteWhitEmptyId on testDeleteWhitEmptyId(com.polypro.duan1quanlynongsan.Dao.KhachHangDaoTest)  Time elapsed: 0.001 s  <<< FAILURE!
java.lang.Exception: Unexpected exception, expected<java.lang.Exception> but was<java.lang.NoClassDefFoundError>
	at com.polypro.duan1quanlynongsan.Dao.KhachHangDaoTest.testDeleteWhitEmptyId(KhachHangDaoTest.java:111)

com.polypro.duan1quanlynongsan.Dao.KhachHangDaoTest.testSelectByKeyword on testSelectByKeyword(com.polypro.duan1quanlynongsan.Dao.KhachHangDaoTest)  Time elapsed: 0.002 s  <<< FAILURE!
java.lang.NullPointerException
	at com.polypro.duan1quanlynongsan.Dao.KhachHangDaoTest.testSelectByKeyword(KhachHangDaoTest.java:173)

com.polypro.duan1quanlynongsan.Dao.KhachHangDaoTest.testInsertWhitEmptyNh on testInsertWhitEmptyNh(com.polypro.duan1quanlynongsan.Dao.KhachHangDaoTest)  Time elapsed: 0.002 s  <<< FAILURE!
java.lang.AssertionError: Expected exception: java.lang.Exception

com.polypro.duan1quanlynongsan.Dao.KhachHangDaoTest.testUpdateWhitEmptyNh on testUpdateWhitEmptyNh(com.polypro.duan1quanlynongsan.Dao.KhachHangDaoTest)  Time elapsed: 0.002 s  <<< FAILURE!
java.lang.AssertionError: Expected exception: java.lang.Exception

com.polypro.duan1quanlynongsan.Dao.KhachHangDaoTest.testDeleteWhitnullId on testDeleteWhitnullId(com.polypro.duan1quanlynongsan.Dao.KhachHangDaoTest)  Time elapsed: 0.001 s  <<< FAILURE!
java.lang.Exception: Unexpected exception, expected<java.lang.Exception> but was<java.lang.NoClassDefFoundError>
	at com.polypro.duan1quanlynongsan.Dao.KhachHangDaoTest.testDeleteWhitnullId(KhachHangDaoTest.java:116)

