<?xml version="1.0" encoding="UTF-8"?>
<testsuite xmlns:xsi="http://www.w3.org/2001/XMLSchema-instance" xsi:noNamespaceSchemaLocation="https://maven.apache.org/surefire/maven-surefire-plugin/xsd/surefire-test-report-3.0.xsd" version="3.0" name="com.polypro.duan1quanlynongsan.Dao.KhachHangDaoTest" time="2.19" tests="15" errors="0" skipped="0" failures="11">
  <properties>
[...]
</properties>
  <testcase name="testSelectAll on testSelectAll(com.polypro.duan1quanlynongsan.Dao.KhachHangDaoTest)" classname="com.polypro.duan1quanlynongsan.Dao.KhachHangDaoTest" time="1.276">
    <failure type="java.lang.NullPointerException"><![CDATA[java.lang.NullPointerException
	at com.polypro.duan1quanlynongsan.Dao.KhachHangDaoTest.testSelectAll(KhachHangDaoTest.java:128)
]]></failure>
    <system-out><![CDATA[selectAll
]]></system-out>
  </testcase>
  <testcase name="testSelectByName on testSelectByName(com.polypro.duan1quanlynongsan.Dao.KhachHangDaoTest)" classname="com.polypro.duan1quanlynongsan.Dao.KhachHangDaoTest" time="0.002">
    <failure type="java.lang.NullPointerException"><![CDATA[java.lang.NullPointerException
	at com.polypro.duan1quanlynongsan.Dao.KhachHangDaoTest.testSelectByName(KhachHangDaoTest.java:150)
]]></failure>
    <system-out><![CDATA[selectByName
]]></system-out>
  </testcase>
  <testcase name="testSelectBySql on testSelectBySql(com.polypro.duan1quanlynongsan.Dao.KhachHangDaoTest)" classname="com.polypro.duan1quanlynongsan.Dao.KhachHangDaoTest" time="0.002">
    <failure type="java.lang.NullPointerException"><![CDATA[java.lang.NullPointerException
	at com.polypro.duan1quanlynongsan.Dao.KhachHangDaoTest.testSelectBySql(KhachHangDaoTest.java:162)
]]></failure>
    <system-out><![CDATA[selectBySql
]]></system-out>
  </testcase>
  <testcase name="testSelectById on testSelectById(com.polypro.duan1quanlynongsan.Dao.KhachHangDaoTest)" classname="com.polypro.duan1quanlynongsan.Dao.KhachHangDaoTest" time="0.002">
    <failure type="java.lang.NullPointerException"><![CDATA[java.lang.NullPointerException
	at com.polypro.duan1quanlynongsan.Dao.KhachHangDaoTest.testSelectById(KhachHangDaoTest.java:139)
]]></failure>
    <system-out><![CDATA[selectById
]]></system-out>
  </testcase>
  <testcase name="testLoadTable on testLoadTable(com.polypro.duan1quanlynongsan.Dao.KhachHangDaoTest)" classname="com.polypro.duan1quanlynongsan.Dao.KhachHangDaoTest" time="0.004">
    <failure type="java.lang.NullPointerException"><![CDATA[java.lang.NullPointerException
	at com.polypro.duan1quanlynongsan.Dao.KhachHangDaoTest.testLoadTable(KhachHangDaoTest.java:184)
]]></failure>
    <system-out><![CDATA[loadTable
]]></system-out>
  </testcase>
  <testcase name="testDeleteWhitVailidId on testDeleteWhitVailidId(com.polypro.duan1quanlynongsan.Dao.KhachHangDaoTest)" classname="com.polypro.duan1quanlynongsan.Dao.KhachHangDaoTest" time="0.058">
    <failure message="loader constraint violation in interface itable initialization for class javax.swing.JComponent$1: when selecting method &apos;boolean sun.swing.SwingAccessor$JComponentAccessor.getFlag(javax.swing.JComponent, int)&apos; the class loader &apos;bootstrap&apos; for super interface sun.swing.SwingAccessor$JComponentAccessor, and the class loader org.powermock.core.classloader.javassist.JavassistMockClassLoader @3901d134 of the selected method&apos;s class, javax.swing.JComponent$1 have different Class objects for the type javax.swing.JComponent used in the signature (sun.swing.SwingAccessor$JComponentAccessor is in module java.desktop of loader &apos;bootstrap&apos;; javax.swing.JComponent$1 is in unnamed module of loader org.powermock.core.classloader.javassist.JavassistMockClassLoader @3901d134, parent loader &apos;app&apos;)" type="java.lang.LinkageError"><![CDATA[java.lang.LinkageError: loader constraint violation in interface itable initialization for class javax.swing.JComponent$1: when selecting method 'boolean sun.swing.SwingAccessor$JComponentAccessor.getFlag(javax.swing.JComponent, int)' the class loader 'bootstrap' for super interface sun.swing.SwingAccessor$JComponentAccessor, and the class loader org.powermock.core.classloader.javassist.JavassistMockClassLoader @3901d134 of the selected method's class, javax.swing.JComponent$1 have different Class objects for the type javax.swing.JComponent used in the signature (sun.swing.SwingAccessor$JComponentAccessor is in module java.desktop of loader 'bootstrap'; javax.swing.JComponent$1 is in unnamed module of loader org.powermock.core.classloader.javassist.JavassistMockClassLoader @3901d134, parent loader 'app')
	at com.polypro.duan1quanlynongsan.Dao.KhachHangDaoTest.testDeleteWhitVailidId(KhachHangDaoTest.java:121)
]]></failure>
  </testcase>
  <testcase name="testUpdateWhitNulNh on testUpdateWhitNulNh(com.polypro.duan1quanlynongsan.Dao.KhachHangDaoTest)" classname="com.polypro.duan1quanlynongsan.Dao.KhachHangDaoTest" time="0"/>
  <testcase name="testDeleteWhitEmptyId on testDeleteWhitEmptyId(com.polypro.duan1quanlynongsan.Dao.KhachHangDaoTest)" classname="com.polypro.duan1quanlynongsan.Dao.KhachHangDaoTest" time="0.001">
    <failure message="Unexpected exception, expected&lt;java.lang.Exception&gt; but was&lt;java.lang.NoClassDefFoundError&gt;" type="java.lang.Exception"><![CDATA[java.lang.Exception: Unexpected exception, expected<java.lang.Exception> but was<java.lang.NoClassDefFoundError>
	at com.polypro.duan1quanlynongsan.Dao.KhachHangDaoTest.testDeleteWhitEmptyId(KhachHangDaoTest.java:111)
]]></failure>
  </testcase>
  <testcase name="testSelectByKeyword on testSelectByKeyword(com.polypro.duan1quanlynongsan.Dao.KhachHangDaoTest)" classname="com.polypro.duan1quanlynongsan.Dao.KhachHangDaoTest" time="0.002">
    <failure type="java.lang.NullPointerException"><![CDATA[java.lang.NullPointerException
	at com.polypro.duan1quanlynongsan.Dao.KhachHangDaoTest.testSelectByKeyword(KhachHangDaoTest.java:173)
]]></failure>
    <system-out><![CDATA[selectByKeyword
]]></system-out>
  </testcase>
  <testcase name="testInsertWhitEmptyNh on testInsertWhitEmptyNh(com.polypro.duan1quanlynongsan.Dao.KhachHangDaoTest)" classname="com.polypro.duan1quanlynongsan.Dao.KhachHangDaoTest" time="0.002">
    <failure message="Expected exception: java.lang.Exception" type="java.lang.AssertionError"><![CDATA[java.lang.AssertionError: Expected exception: java.lang.Exception
]]></failure>
  </testcase>
  <testcase name="testInsertWhitVailidNh on testInsertWhitVailidNh(com.polypro.duan1quanlynongsan.Dao.KhachHangDaoTest)" classname="com.polypro.duan1quanlynongsan.Dao.KhachHangDaoTest" time="0.001"/>
  <testcase name="testUpdateWhitEmptyNh on testUpdateWhitEmptyNh(com.polypro.duan1quanlynongsan.Dao.KhachHangDaoTest)" classname="com.polypro.duan1quanlynongsan.Dao.KhachHangDaoTest" time="0.002">
    <failure message="Expected exception: java.lang.Exception" type="java.lang.AssertionError"><![CDATA[java.lang.AssertionError: Expected exception: java.lang.Exception
]]></failure>
  </testcase>
  <testcase name="testUpdateWhitVailidNh on testUpdateWhitVailidNh(com.polypro.duan1quanlynongsan.Dao.KhachHangDaoTest)" classname="com.polypro.duan1quanlynongsan.Dao.KhachHangDaoTest" time="0.002"/>
  <testcase name="testDeleteWhitnullId on testDeleteWhitnullId(com.polypro.duan1quanlynongsan.Dao.KhachHangDaoTest)" classname="com.polypro.duan1quanlynongsan.Dao.KhachHangDaoTest" time="0.001">
    <failure message="Unexpected exception, expected&lt;java.lang.Exception&gt; but was&lt;java.lang.NoClassDefFoundError&gt;" type="java.lang.Exception"><![CDATA[java.lang.Exception: Unexpected exception, expected<java.lang.Exception> but was<java.lang.NoClassDefFoundError>
	at com.polypro.duan1quanlynongsan.Dao.KhachHangDaoTest.testDeleteWhitnullId(KhachHangDaoTest.java:116)
]]></failure>
  </testcase>
  <testcase name="testInsertWhitnulNh on testInsertWhitnulNh(com.polypro.duan1quanlynongsan.Dao.KhachHangDaoTest)" classname="com.polypro.duan1quanlynongsan.Dao.KhachHangDaoTest" time="0.001"/>
</testsuite>