<?xml version="1.0" encoding="UTF-8"?>
<testsuite xmlns:xsi="http://www.w3.org/2001/XMLSchema-instance" xsi:noNamespaceSchemaLocation="https://maven.apache.org/surefire/maven-surefire-plugin/xsd/surefire-test-report-3.0.xsd" version="3.0" name="TestSuite" time="0.551" tests="83" errors="0" skipped="0" failures="0">
  <properties>
[...]
</properties>
  <testcase name="testSetGioiTinh on testSetGioiTinh(com.polypro.duan1quanlynongsan.Model.KhachHangTest)" classname="com.polypro.duan1quanlynongsan.Model.KhachHangTest" time="0"/>
  <testcase name="testGetGioiTinh on testGetGioiTinh(com.polypro.duan1quanlynongsan.Model.KhachHangTest)" classname="com.polypro.duan1quanlynongsan.Model.KhachHangTest" time="0.016"/>
  <testcase name="testGetEmail on testGetEmail(com.polypro.duan1quanlynongsan.Model.KhachHangTest)" classname="com.polypro.duan1quanlynongsan.Model.KhachHangTest" time="0"/>
  <testcase name="testGetHoTen on testGetHoTen(com.polypro.duan1quanlynongsan.Model.KhachHangTest)" classname="com.polypro.duan1quanlynongsan.Model.KhachHangTest" time="0"/>
  <testcase name="testSetDienThoai on testSetDienThoai(com.polypro.duan1quanlynongsan.Model.KhachHangTest)" classname="com.polypro.duan1quanlynongsan.Model.KhachHangTest" time="0"/>
  <testcase name="testSetGioiTinhFemale on testSetGioiTinhFemale(com.polypro.duan1quanlynongsan.Model.KhachHangTest)" classname="com.polypro.duan1quanlynongsan.Model.KhachHangTest" time="0"/>
  <testcase name="testGetMaKH on testGetMaKH(com.polypro.duan1quanlynongsan.Model.KhachHangTest)" classname="com.polypro.duan1quanlynongsan.Model.KhachHangTest" time="0"/>
  <testcase name="testGetMaNV on testGetMaNV(com.polypro.duan1quanlynongsan.Model.KhachHangTest)" classname="com.polypro.duan1quanlynongsan.Model.KhachHangTest" time="0"/>
  <testcase name="testSetNgaySinh on testSetNgaySinh(com.polypro.duan1quanlynongsan.Model.KhachHangTest)" classname="com.polypro.duan1quanlynongsan.Model.KhachHangTest" time="0"/>
  <testcase name="testGetNgaySinh on testGetNgaySinh(com.polypro.duan1quanlynongsan.Model.KhachHangTest)" classname="com.polypro.duan1quanlynongsan.Model.KhachHangTest" time="0"/>
  <testcase name="testSetDiaChi on testSetDiaChi(com.polypro.duan1quanlynongsan.Model.KhachHangTest)" classname="com.polypro.duan1quanlynongsan.Model.KhachHangTest" time="0"/>
  <testcase name="testGetDiaChi on testGetDiaChi(com.polypro.duan1quanlynongsan.Model.KhachHangTest)" classname="com.polypro.duan1quanlynongsan.Model.KhachHangTest" time="0"/>
  <testcase name="testSetMaKH on testSetMaKH(com.polypro.duan1quanlynongsan.Model.KhachHangTest)" classname="com.polypro.duan1quanlynongsan.Model.KhachHangTest" time="0"/>
  <testcase name="testSetMaNV on testSetMaNV(com.polypro.duan1quanlynongsan.Model.KhachHangTest)" classname="com.polypro.duan1quanlynongsan.Model.KhachHangTest" time="0"/>
  <testcase name="testGetDienThoai on testGetDienThoai(com.polypro.duan1quanlynongsan.Model.KhachHangTest)" classname="com.polypro.duan1quanlynongsan.Model.KhachHangTest" time="0"/>
  <testcase name="testSetEmail on testSetEmail(com.polypro.duan1quanlynongsan.Model.KhachHangTest)" classname="com.polypro.duan1quanlynongsan.Model.KhachHangTest" time="0"/>
  <testcase name="testSetHoTen on testSetHoTen(com.polypro.duan1quanlynongsan.Model.KhachHangTest)" classname="com.polypro.duan1quanlynongsan.Model.KhachHangTest" time="0"/>
  <testcase name="testGetEmail on testGetEmail(com.polypro.duan1quanlynongsan.Model.NhaCCTest)" classname="com.polypro.duan1quanlynongsan.Model.NhaCCTest" time="0"/>
  <testcase name="testGetMaNCC on testGetMaNCC(com.polypro.duan1quanlynongsan.Model.NhaCCTest)" classname="com.polypro.duan1quanlynongsan.Model.NhaCCTest" time="0"/>
  <testcase name="testSetDiaChi on testSetDiaChi(com.polypro.duan1quanlynongsan.Model.NhaCCTest)" classname="com.polypro.duan1quanlynongsan.Model.NhaCCTest" time="0"/>
  <testcase name="testGetDiaChi on testGetDiaChi(com.polypro.duan1quanlynongsan.Model.NhaCCTest)" classname="com.polypro.duan1quanlynongsan.Model.NhaCCTest" time="0"/>
  <testcase name="testSetTenNCC on testSetTenNCC(com.polypro.duan1quanlynongsan.Model.NhaCCTest)" classname="com.polypro.duan1quanlynongsan.Model.NhaCCTest" time="0"/>
  <testcase name="testGetSDT on testGetSDT(com.polypro.duan1quanlynongsan.Model.NhaCCTest)" classname="com.polypro.duan1quanlynongsan.Model.NhaCCTest" time="0"/>
  <testcase name="testGetTenNCC on testGetTenNCC(com.polypro.duan1quanlynongsan.Model.NhaCCTest)" classname="com.polypro.duan1quanlynongsan.Model.NhaCCTest" time="0"/>
  <testcase name="testSetSDT on testSetSDT(com.polypro.duan1quanlynongsan.Model.NhaCCTest)" classname="com.polypro.duan1quanlynongsan.Model.NhaCCTest" time="0"/>
  <testcase name="testSetEmail on testSetEmail(com.polypro.duan1quanlynongsan.Model.NhaCCTest)" classname="com.polypro.duan1quanlynongsan.Model.NhaCCTest" time="0"/>
  <testcase name="testSetMaNCC on testSetMaNCC(com.polypro.duan1quanlynongsan.Model.NhaCCTest)" classname="com.polypro.duan1quanlynongsan.Model.NhaCCTest" time="0"/>
  <testcase name="testSetGioiTinh on testSetGioiTinh(com.polypro.duan1quanlynongsan.Model.NhanVienTest)" classname="com.polypro.duan1quanlynongsan.Model.NhanVienTest" time="0"/>
  <testcase name="testGetGioiTinh on testGetGioiTinh(com.polypro.duan1quanlynongsan.Model.NhanVienTest)" classname="com.polypro.duan1quanlynongsan.Model.NhanVienTest" time="0"/>
  <testcase name="testGetEmail on testGetEmail(com.polypro.duan1quanlynongsan.Model.NhanVienTest)" classname="com.polypro.duan1quanlynongsan.Model.NhanVienTest" time="0"/>
  <testcase name="testGetHoTen on testGetHoTen(com.polypro.duan1quanlynongsan.Model.NhanVienTest)" classname="com.polypro.duan1quanlynongsan.Model.NhanVienTest" time="0"/>
  <testcase name="testSetMatKhau on testSetMatKhau(com.polypro.duan1quanlynongsan.Model.NhanVienTest)" classname="com.polypro.duan1quanlynongsan.Model.NhanVienTest" time="0"/>
  <testcase name="testGetMaNV on testGetMaNV(com.polypro.duan1quanlynongsan.Model.NhanVienTest)" classname="com.polypro.duan1quanlynongsan.Model.NhanVienTest" time="0"/>
  <testcase name="testSetGhiChu on testSetGhiChu(com.polypro.duan1quanlynongsan.Model.NhanVienTest)" classname="com.polypro.duan1quanlynongsan.Model.NhanVienTest" time="0"/>
  <testcase name="testGetGhiChu on testGetGhiChu(com.polypro.duan1quanlynongsan.Model.NhanVienTest)" classname="com.polypro.duan1quanlynongsan.Model.NhanVienTest" time="0"/>
  <testcase name="testGetMatKhau on testGetMatKhau(com.polypro.duan1quanlynongsan.Model.NhanVienTest)" classname="com.polypro.duan1quanlynongsan.Model.NhanVienTest" time="0"/>
  <testcase name="testSetSoCMND on testSetSoCMND(com.polypro.duan1quanlynongsan.Model.NhanVienTest)" classname="com.polypro.duan1quanlynongsan.Model.NhanVienTest" time="0"/>
  <testcase name="testSetVaiTro on testSetVaiTro(com.polypro.duan1quanlynongsan.Model.NhanVienTest)" classname="com.polypro.duan1quanlynongsan.Model.NhanVienTest" time="0"/>
  <testcase name="testGetSoCMND on testGetSoCMND(com.polypro.duan1quanlynongsan.Model.NhanVienTest)" classname="com.polypro.duan1quanlynongsan.Model.NhanVienTest" time="0"/>
  <testcase name="testGetVaiTro on testGetVaiTro(com.polypro.duan1quanlynongsan.Model.NhanVienTest)" classname="com.polypro.duan1quanlynongsan.Model.NhanVienTest" time="0"/>
  <testcase name="testSetMaNV on testSetMaNV(com.polypro.duan1quanlynongsan.Model.NhanVienTest)" classname="com.polypro.duan1quanlynongsan.Model.NhanVienTest" time="0"/>
  <testcase name="testSetEmail on testSetEmail(com.polypro.duan1quanlynongsan.Model.NhanVienTest)" classname="com.polypro.duan1quanlynongsan.Model.NhanVienTest" time="0"/>
  <testcase name="testSetHoTen on testSetHoTen(com.polypro.duan1quanlynongsan.Model.NhanVienTest)" classname="com.polypro.duan1quanlynongsan.Model.NhanVienTest" time="0"/>
  <testcase name="testGetTenNS on testGetTenNS(com.polypro.duan1quanlynongsan.Model.NongSanTest)" classname="com.polypro.duan1quanlynongsan.Model.NongSanTest" time="0"/>
  <testcase name="testGetMaNS on testGetMaNS(com.polypro.duan1quanlynongsan.Model.NongSanTest)" classname="com.polypro.duan1quanlynongsan.Model.NongSanTest" time="0"/>
  <testcase name="testGetMaNV on testGetMaNV(com.polypro.duan1quanlynongsan.Model.NongSanTest)" classname="com.polypro.duan1quanlynongsan.Model.NongSanTest" time="0"/>
  <testcase name="testSetNgayHH on testSetNgayHH(com.polypro.duan1quanlynongsan.Model.NongSanTest)" classname="com.polypro.duan1quanlynongsan.Model.NongSanTest" time="0"/>
  <testcase name="testSetNgaySX on testSetNgaySX(com.polypro.duan1quanlynongsan.Model.NongSanTest)" classname="com.polypro.duan1quanlynongsan.Model.NongSanTest" time="0"/>
  <testcase name="testGetNgayHH on testGetNgayHH(com.polypro.duan1quanlynongsan.Model.NongSanTest)" classname="com.polypro.duan1quanlynongsan.Model.NongSanTest" time="0"/>
  <testcase name="testGetNgaySX on testGetNgaySX(com.polypro.duan1quanlynongsan.Model.NongSanTest)" classname="com.polypro.duan1quanlynongsan.Model.NongSanTest" time="0"/>
  <testcase name="testGetDVT on testGetDVT(com.polypro.duan1quanlynongsan.Model.NongSanTest)" classname="com.polypro.duan1quanlynongsan.Model.NongSanTest" time="0"/>
  <testcase name="testGetGia on testGetGia(com.polypro.duan1quanlynongsan.Model.NongSanTest)" classname="com.polypro.duan1quanlynongsan.Model.NongSanTest" time="0"/>
  <testcase name="testGetNCC on testGetNCC(com.polypro.duan1quanlynongsan.Model.NongSanTest)" classname="com.polypro.duan1quanlynongsan.Model.NongSanTest" time="0"/>
  <testcase name="testSetMaNS on testSetMaNS(com.polypro.duan1quanlynongsan.Model.NongSanTest)" classname="com.polypro.duan1quanlynongsan.Model.NongSanTest" time="0"/>
  <testcase name="testSetMaNV on testSetMaNV(com.polypro.duan1quanlynongsan.Model.NongSanTest)" classname="com.polypro.duan1quanlynongsan.Model.NongSanTest" time="0"/>
  <testcase name="testSetDVT on testSetDVT(com.polypro.duan1quanlynongsan.Model.NongSanTest)" classname="com.polypro.duan1quanlynongsan.Model.NongSanTest" time="0"/>
  <testcase name="testSetGia on testSetGia(com.polypro.duan1quanlynongsan.Model.NongSanTest)" classname="com.polypro.duan1quanlynongsan.Model.NongSanTest" time="0"/>
  <testcase name="testSetNCC on testSetNCC(com.polypro.duan1quanlynongsan.Model.NongSanTest)" classname="com.polypro.duan1quanlynongsan.Model.NongSanTest" time="0"/>
  <testcase name="testSetTenNS on testSetTenNS(com.polypro.duan1quanlynongsan.Model.NongSanTest)" classname="com.polypro.duan1quanlynongsan.Model.NongSanTest" time="0"/>
  <testcase name="testGetSoLuong on testGetSoLuong(com.polypro.duan1quanlynongsan.Model.PhieuNhapaTest)" classname="com.polypro.duan1quanlynongsan.Model.PhieuNhapaTest" time="0"/>
  <testcase name="testGetNgayN on testGetNgayN(com.polypro.duan1quanlynongsan.Model.PhieuNhapaTest)" classname="com.polypro.duan1quanlynongsan.Model.PhieuNhapaTest" time="0"/>
  <testcase name="testGetMaDN on testGetMaDN(com.polypro.duan1quanlynongsan.Model.PhieuNhapaTest)" classname="com.polypro.duan1quanlynongsan.Model.PhieuNhapaTest" time="0"/>
  <testcase name="testGetMaNS on testGetMaNS(com.polypro.duan1quanlynongsan.Model.PhieuNhapaTest)" classname="com.polypro.duan1quanlynongsan.Model.PhieuNhapaTest" time="0"/>
  <testcase name="testGetMaNV on testGetMaNV(com.polypro.duan1quanlynongsan.Model.PhieuNhapaTest)" classname="com.polypro.duan1quanlynongsan.Model.PhieuNhapaTest" time="0"/>
  <testcase name="testSetSoLuong on testSetSoLuong(com.polypro.duan1quanlynongsan.Model.PhieuNhapaTest)" classname="com.polypro.duan1quanlynongsan.Model.PhieuNhapaTest" time="0"/>
  <testcase name="testSetMaDN on testSetMaDN(com.polypro.duan1quanlynongsan.Model.PhieuNhapaTest)" classname="com.polypro.duan1quanlynongsan.Model.PhieuNhapaTest" time="0"/>
  <testcase name="testSetMaNS on testSetMaNS(com.polypro.duan1quanlynongsan.Model.PhieuNhapaTest)" classname="com.polypro.duan1quanlynongsan.Model.PhieuNhapaTest" time="0"/>
  <testcase name="testSetMaNV on testSetMaNV(com.polypro.duan1quanlynongsan.Model.PhieuNhapaTest)" classname="com.polypro.duan1quanlynongsan.Model.PhieuNhapaTest" time="0"/>
  <testcase name="testSetNgayN on testSetNgayN(com.polypro.duan1quanlynongsan.Model.PhieuNhapaTest)" classname="com.polypro.duan1quanlynongsan.Model.PhieuNhapaTest" time="0"/>
  <testcase name="testGetSoLuong on testGetSoLuong(com.polypro.duan1quanlynongsan.Model.PhieuXuatTest)" classname="com.polypro.duan1quanlynongsan.Model.PhieuXuatTest" time="0"/>
  <testcase name="testGetMaKH on testGetMaKH(com.polypro.duan1quanlynongsan.Model.PhieuXuatTest)" classname="com.polypro.duan1quanlynongsan.Model.PhieuXuatTest" time="0"/>
  <testcase name="testGetMaNS on testGetMaNS(com.polypro.duan1quanlynongsan.Model.PhieuXuatTest)" classname="com.polypro.duan1quanlynongsan.Model.PhieuXuatTest" time="0"/>
  <testcase name="testGetMaNV on testGetMaNV(com.polypro.duan1quanlynongsan.Model.PhieuXuatTest)" classname="com.polypro.duan1quanlynongsan.Model.PhieuXuatTest" time="0"/>
  <testcase name="testGetMaPX on testGetMaPX(com.polypro.duan1quanlynongsan.Model.PhieuXuatTest)" classname="com.polypro.duan1quanlynongsan.Model.PhieuXuatTest" time="0"/>
  <testcase name="testSetNgayxuat on testSetNgayxuat(com.polypro.duan1quanlynongsan.Model.PhieuXuatTest)" classname="com.polypro.duan1quanlynongsan.Model.PhieuXuatTest" time="0"/>
  <testcase name="testGetNgayxuat on testGetNgayxuat(com.polypro.duan1quanlynongsan.Model.PhieuXuatTest)" classname="com.polypro.duan1quanlynongsan.Model.PhieuXuatTest" time="0"/>
  <testcase name="testSetSoLuong on testSetSoLuong(com.polypro.duan1quanlynongsan.Model.PhieuXuatTest)" classname="com.polypro.duan1quanlynongsan.Model.PhieuXuatTest" time="0"/>
  <testcase name="testSetDonGia on testSetDonGia(com.polypro.duan1quanlynongsan.Model.PhieuXuatTest)" classname="com.polypro.duan1quanlynongsan.Model.PhieuXuatTest" time="0"/>
  <testcase name="testGetDonGia on testGetDonGia(com.polypro.duan1quanlynongsan.Model.PhieuXuatTest)" classname="com.polypro.duan1quanlynongsan.Model.PhieuXuatTest" time="0"/>
  <testcase name="testSetMaKH on testSetMaKH(com.polypro.duan1quanlynongsan.Model.PhieuXuatTest)" classname="com.polypro.duan1quanlynongsan.Model.PhieuXuatTest" time="0"/>
  <testcase name="testSetMaNS on testSetMaNS(com.polypro.duan1quanlynongsan.Model.PhieuXuatTest)" classname="com.polypro.duan1quanlynongsan.Model.PhieuXuatTest" time="0"/>
  <testcase name="testSetMaNV on testSetMaNV(com.polypro.duan1quanlynongsan.Model.PhieuXuatTest)" classname="com.polypro.duan1quanlynongsan.Model.PhieuXuatTest" time="0"/>
  <testcase name="testSetMaPX on testSetMaPX(com.polypro.duan1quanlynongsan.Model.PhieuXuatTest)" classname="com.polypro.duan1quanlynongsan.Model.PhieuXuatTest" time="0"/>
</testsuite>